<?xml version="1.0" encoding="UTF-8"?>
<testsuite name="com.example.evaluacion1.CuotaTest" tests="24" skipped="0" failures="0" errors="0" timestamp="2023-10-06T22:28:50" hostname="roberto-Lenovo-ideapad-330S-14IKB" time="2.496">
  <properties/>
  <testcase name="calcularFechaRechazadaPago()" classname="com.example.evaluacion1.CuotaTest" time="1.185"/>
  <testcase name="comprobarGenerarCuotas()" classname="com.example.evaluacion1.CuotaTest" time="0.693"/>
  <testcase name="comprobarObtenerCuotas()" classname="com.example.evaluacion1.CuotaTest" time="0.097"/>
  <testcase name="comprobarRevisarInteresesCaso2()" classname="com.example.evaluacion1.CuotaTest" time="0.085"/>
  <testcase name="calcularElInteresUnMesAtraso()" classname="com.example.evaluacion1.CuotaTest" time="0.014"/>
  <testcase name="comprobarPagoAlCOntado()" classname="com.example.evaluacion1.CuotaTest" time="0.05"/>
  <testcase name="calcularElInteresMasDeTresMesesAtraso()" classname="com.example.evaluacion1.CuotaTest" time="0.013"/>
  <testcase name="calcularCantidadMaxDeCuotasCasoPrivado()" classname="com.example.evaluacion1.CuotaTest" time="0.007"/>
  <testcase name="calcularCantidadMaxDeCuotasCasoSubvencionado()" classname="com.example.evaluacion1.CuotaTest" time="0.008"/>
  <testcase name="calcularElInteresSinMesesAtraso2()" classname="com.example.evaluacion1.CuotaTest" time="0.008"/>
  <testcase name="comprobarRevisarIntereses()" classname="com.example.evaluacion1.CuotaTest" time="0.04"/>
  <testcase name="calcularElInteresDosMesesAtraso()" classname="com.example.evaluacion1.CuotaTest" time="0.007"/>
  <testcase name="comprobarPagoDeCuota()" classname="com.example.evaluacion1.CuotaTest" time="0.029"/>
  <testcase name="calcularCantidadMaxDeCuotasCasoMunicipal()" classname="com.example.evaluacion1.CuotaTest" time="0.021"/>
  <testcase name="calcularElInteresTresMesesAtraso()" classname="com.example.evaluacion1.CuotaTest" time="0.013"/>
  <testcase name="calcularElInteresCasoMasDeOneYearAtraso()" classname="com.example.evaluacion1.CuotaTest" time="0.01"/>
  <testcase name="calcularMontoDeArancelConDescuentoCaso2()" classname="com.example.evaluacion1.CuotaTest" time="0.008"/>
  <testcase name="calcularMontoDeArancelConDescuentoCaso3()" classname="com.example.evaluacion1.CuotaTest" time="0.007"/>
  <testcase name="calcularElInteresCasoOneYearAtraso()" classname="com.example.evaluacion1.CuotaTest" time="0.017"/>
  <testcase name="verSiExisteCuota()" classname="com.example.evaluacion1.CuotaTest" time="0.04"/>
  <testcase name="calcularMontoDeArancelConDescuento()" classname="com.example.evaluacion1.CuotaTest" time="0.007"/>
  <testcase name="calcularFechaAceptadaPago()" classname="com.example.evaluacion1.CuotaTest" time="0.007"/>
  <testcase name="calcularElInteresSinMesesAtraso()" classname="com.example.evaluacion1.CuotaTest" time="0.007"/>
  <testcase name="verSiNoExisteCuota()" classname="com.example.evaluacion1.CuotaTest" time="0.033"/>
  <system-out><![CDATA[19:28:35.766 [Test worker] INFO org.springframework.test.context.support.AnnotationConfigContextLoaderUtils -- Could not detect default configuration classes for test class [com.example.evaluacion1.CuotaTest]: CuotaTest does not declare any static, non-private, non-final, nested classes annotated with @Configuration.
19:28:36.083 [Test worker] INFO org.springframework.boot.test.context.SpringBootTestContextBootstrapper -- Found @SpringBootConfiguration com.example.evaluacion1.Evaluacion1Application for test class com.example.evaluacion1.CuotaTest

  .   ____          _            __ _ _
 /\\ / ___'_ __ _ _(_)_ __  __ _ \ \ \ \
( ( )\___ | '_ | '_| | '_ \/ _` | \ \ \ \
 \\/  ___)| |_)| | | | | || (_| |  ) ) ) )
  '  |____| .__|_| |_|_| |_\__, | / / / /
 =========|_|==============|___/=/_/_/_/
 :: Spring Boot ::                (v3.1.3)

2023-10-06T19:28:37.464-03:00  INFO 12708 --- [    Test worker] com.example.evaluacion1.CuotaTest        : Starting CuotaTest using Java 19.0.2 with PID 12708 (started by roberto in /mnt/disco_duro/TINGESO/evaluación 1/evaluacion1)
2023-10-06T19:28:37.468-03:00  INFO 12708 --- [    Test worker] com.example.evaluacion1.CuotaTest        : No active profile set, falling back to 1 default profile: "default"
2023-10-06T19:28:39.435-03:00  INFO 12708 --- [    Test worker] .s.d.r.c.RepositoryConfigurationDelegate : Bootstrapping Spring Data JPA repositories in DEFAULT mode.
2023-10-06T19:28:39.645-03:00  INFO 12708 --- [    Test worker] .s.d.r.c.RepositoryConfigurationDelegate : Finished Spring Data repository scanning in 179 ms. Found 3 JPA repository interfaces.
2023-10-06T19:28:40.966-03:00  INFO 12708 --- [    Test worker] o.hibernate.jpa.internal.util.LogHelper  : HHH000204: Processing PersistenceUnitInfo [name: default]
2023-10-06T19:28:41.143-03:00  INFO 12708 --- [    Test worker] org.hibernate.Version                    : HHH000412: Hibernate ORM core version 6.2.7.Final
2023-10-06T19:28:41.151-03:00  INFO 12708 --- [    Test worker] org.hibernate.cfg.Environment            : HHH000406: Using bytecode reflection optimizer
2023-10-06T19:28:41.627-03:00  INFO 12708 --- [    Test worker] o.h.b.i.BytecodeProviderInitiator        : HHH000021: Bytecode provider name : bytebuddy
2023-10-06T19:28:42.062-03:00  INFO 12708 --- [    Test worker] o.s.o.j.p.SpringPersistenceUnitInfo      : No LoadTimeWeaver setup: ignoring JPA class transformer
2023-10-06T19:28:42.122-03:00  INFO 12708 --- [    Test worker] com.zaxxer.hikari.HikariDataSource       : HikariPool-1 - Starting...
2023-10-06T19:28:43.031-03:00  INFO 12708 --- [    Test worker] com.zaxxer.hikari.pool.HikariPool        : HikariPool-1 - Added connection com.mysql.cj.jdbc.ConnectionImpl@280d5a82
2023-10-06T19:28:43.036-03:00  INFO 12708 --- [    Test worker] com.zaxxer.hikari.HikariDataSource       : HikariPool-1 - Start completed.
2023-10-06T19:28:44.190-03:00  INFO 12708 --- [    Test worker] o.h.b.i.BytecodeProviderInitiator        : HHH000021: Bytecode provider name : bytebuddy
2023-10-06T19:28:46.259-03:00  INFO 12708 --- [    Test worker] o.h.e.t.j.p.i.JtaPlatformInitiator       : HHH000490: Using JtaPlatform implementation: [org.hibernate.engine.transaction.jta.platform.internal.NoJtaPlatform]
2023-10-06T19:28:46.439-03:00  INFO 12708 --- [    Test worker] j.LocalContainerEntityManagerFactoryBean : Initialized JPA EntityManagerFactory for persistence unit 'default'
2023-10-06T19:28:47.553-03:00  INFO 12708 --- [    Test worker] o.s.d.j.r.query.QueryEnhancerFactory     : Hibernate is in classpath; If applicable, HQL parser will be used.
2023-10-06T19:28:49.286-03:00  WARN 12708 --- [    Test worker] JpaBaseConfiguration$JpaWebConfiguration : spring.jpa.open-in-view is enabled by default. Therefore, database queries may be performed during view rendering. Explicitly configure spring.jpa.open-in-view to disable this warning
2023-10-06T19:28:49.874-03:00  INFO 12708 --- [    Test worker] o.s.b.a.w.s.WelcomePageHandlerMapping    : Adding welcome page template: index
2023-10-06T19:28:50.417-03:00  INFO 12708 --- [    Test worker] com.example.evaluacion1.CuotaTest        : Started CuotaTest in 13.758 seconds (process running for 17.23)
]]></system-out>
  <system-err><![CDATA[[2023.10.06 19:28:36] (Coverage): Error during class instrumentation: org.springframework.boot.logging.log4j2.Log4J2LoggingSystem: java.lang.RuntimeException: java.io.IOException: Class org/apache/logging/log4j/core/config/composite/CompositeConfiguration not found
]]></system-err>
</testsuite>
